2024-10-01T00:14:56.997520-0300 INFO Chamando função 'pipeline_calcular_kpi_de_vendas_consolidado' com args ('data', ['csv']) e kwargs {} utils_log.py
2024-10-01T00:14:56.997520-0300 INFO Chamando função 'extrair_dados_e_consolidar' com args ('data',) e kwargs {} utils_log.py
2024-10-01T00:14:57.019481-0300 INFO Função 'extrair_dados_e_consolidar' retornou             Produto    Categoria  Quantidade  Venda        Data
0    Notebook Gamer  Eletrônicos           3   1500  2023-01-15
1     Mouse Sem Fio  Eletrônicos          10     30  2023-01-15
2  Teclado Mecânico  Eletrônicos           5    100  2023-01-15
3    Notebook Gamer  Eletrônicos           7   1500  2023-01-16
4     Mouse Sem Fio  Eletrônicos          10     30  2023-01-16
5  Teclado Mecânico  Eletrônicos           3    100  2023-01-16
6    Notebook Gamer  Eletrônicos           7   1500  2023-01-16
7     Mouse Sem Fio  Eletrônicos          10     30  2023-01-16
8  Teclado Mecânico  Eletrônicos           3    100  2023-01-16 utils_log.py
2024-10-01T00:14:57.032129-0300 INFO Chamando função 'calcular_kpi_de_total_de_vendas' com args (            Produto    Categoria  Quantidade  Venda        Data
0    Notebook Gamer  Eletrônicos           3   1500  2023-01-15
1     Mouse Sem Fio  Eletrônicos          10     30  2023-01-15
2  Teclado Mecânico  Eletrônicos           5    100  2023-01-15
3    Notebook Gamer  Eletrônicos           7   1500  2023-01-16
4     Mouse Sem Fio  Eletrônicos          10     30  2023-01-16
5  Teclado Mecânico  Eletrônicos           3    100  2023-01-16
6    Notebook Gamer  Eletrônicos           7   1500  2023-01-16
7     Mouse Sem Fio  Eletrônicos          10     30  2023-01-16
8  Teclado Mecânico  Eletrônicos           3    100  2023-01-16,) e kwargs {} utils_log.py
2024-10-01T00:14:57.039783-0300 INFO Função 'calcular_kpi_de_total_de_vendas' retornou             Produto    Categoria  Quantidade  Venda        Data  Total
0    Notebook Gamer  Eletrônicos           3   1500  2023-01-15   4500
1     Mouse Sem Fio  Eletrônicos          10     30  2023-01-15    300
2  Teclado Mecânico  Eletrônicos           5    100  2023-01-15    500
3    Notebook Gamer  Eletrônicos           7   1500  2023-01-16  10500
4     Mouse Sem Fio  Eletrônicos          10     30  2023-01-16    300
5  Teclado Mecânico  Eletrônicos           3    100  2023-01-16    300
6    Notebook Gamer  Eletrônicos           7   1500  2023-01-16  10500
7     Mouse Sem Fio  Eletrônicos          10     30  2023-01-16    300
8  Teclado Mecânico  Eletrônicos           3    100  2023-01-16    300 utils_log.py
2024-10-01T00:14:57.047375-0300 INFO Chamando função 'carregar_dados' com args (            Produto    Categoria  Quantidade  Venda        Data  Total
0    Notebook Gamer  Eletrônicos           3   1500  2023-01-15   4500
1     Mouse Sem Fio  Eletrônicos          10     30  2023-01-15    300
2  Teclado Mecânico  Eletrônicos           5    100  2023-01-15    500
3    Notebook Gamer  Eletrônicos           7   1500  2023-01-16  10500
4     Mouse Sem Fio  Eletrônicos          10     30  2023-01-16    300
5  Teclado Mecânico  Eletrônicos           3    100  2023-01-16    300
6    Notebook Gamer  Eletrônicos           7   1500  2023-01-16  10500
7     Mouse Sem Fio  Eletrônicos          10     30  2023-01-16    300
8  Teclado Mecânico  Eletrônicos           3    100  2023-01-16    300, ['csv']) e kwargs {} utils_log.py
2024-10-01T00:14:57.054971-0300 INFO Função 'carregar_dados' retornou None utils_log.py
2024-10-01T00:14:57.055973-0300 INFO Função 'pipeline_calcular_kpi_de_vendas_consolidado' retornou None utils_log.py
2024-10-01T00:23:37.379022-0300 INFO Chamando função 'pipeline_calcular_kpi_de_vendas_consolidado' com args ('data', ['csv']) e kwargs {} utils_log.py
2024-10-01T00:23:37.379022-0300 INFO Chamando função 'extrair_dados_e_consolidar' com args ('data',) e kwargs {} utils_log.py
2024-10-01T00:23:37.389981-0300 INFO Função 'extrair_dados_e_consolidar' executada em 0.0110 segundos timer_decorator.py
2024-10-01T00:23:37.395403-0300 INFO Função 'extrair_dados_e_consolidar' retornou             Produto    Categoria  Quantidade  Venda        Data
0    Notebook Gamer  Eletrônicos           3   1500  2023-01-15
1     Mouse Sem Fio  Eletrônicos          10     30  2023-01-15
2  Teclado Mecânico  Eletrônicos           5    100  2023-01-15
3    Notebook Gamer  Eletrônicos           7   1500  2023-01-16
4     Mouse Sem Fio  Eletrônicos          10     30  2023-01-16
5  Teclado Mecânico  Eletrônicos           3    100  2023-01-16
6    Notebook Gamer  Eletrônicos           7   1500  2023-01-16
7     Mouse Sem Fio  Eletrônicos          10     30  2023-01-16
8  Teclado Mecânico  Eletrônicos           3    100  2023-01-16 utils_log.py
2024-10-01T00:23:37.400015-0300 INFO Chamando função 'calcular_kpi_de_total_de_vendas' com args (            Produto    Categoria  Quantidade  Venda        Data
0    Notebook Gamer  Eletrônicos           3   1500  2023-01-15
1     Mouse Sem Fio  Eletrônicos          10     30  2023-01-15
2  Teclado Mecânico  Eletrônicos           5    100  2023-01-15
3    Notebook Gamer  Eletrônicos           7   1500  2023-01-16
4     Mouse Sem Fio  Eletrônicos          10     30  2023-01-16
5  Teclado Mecânico  Eletrônicos           3    100  2023-01-16
6    Notebook Gamer  Eletrônicos           7   1500  2023-01-16
7     Mouse Sem Fio  Eletrônicos          10     30  2023-01-16
8  Teclado Mecânico  Eletrônicos           3    100  2023-01-16,) e kwargs {} utils_log.py
2024-10-01T00:23:37.401923-0300 INFO Função 'calcular_kpi_de_total_de_vendas' executada em 0.0010 segundos timer_decorator.py
2024-10-01T00:23:37.420354-0300 INFO Função 'calcular_kpi_de_total_de_vendas' retornou             Produto    Categoria  Quantidade  Venda        Data  Total
0    Notebook Gamer  Eletrônicos           3   1500  2023-01-15   4500
1     Mouse Sem Fio  Eletrônicos          10     30  2023-01-15    300
2  Teclado Mecânico  Eletrônicos           5    100  2023-01-15    500
3    Notebook Gamer  Eletrônicos           7   1500  2023-01-16  10500
4     Mouse Sem Fio  Eletrônicos          10     30  2023-01-16    300
5  Teclado Mecânico  Eletrônicos           3    100  2023-01-16    300
6    Notebook Gamer  Eletrônicos           7   1500  2023-01-16  10500
7     Mouse Sem Fio  Eletrônicos          10     30  2023-01-16    300
8  Teclado Mecânico  Eletrônicos           3    100  2023-01-16    300 utils_log.py
2024-10-01T00:23:37.424728-0300 INFO Chamando função 'carregar_dados' com args (            Produto    Categoria  Quantidade  Venda        Data  Total
0    Notebook Gamer  Eletrônicos           3   1500  2023-01-15   4500
1     Mouse Sem Fio  Eletrônicos          10     30  2023-01-15    300
2  Teclado Mecânico  Eletrônicos           5    100  2023-01-15    500
3    Notebook Gamer  Eletrônicos           7   1500  2023-01-16  10500
4     Mouse Sem Fio  Eletrônicos          10     30  2023-01-16    300
5  Teclado Mecânico  Eletrônicos           3    100  2023-01-16    300
6    Notebook Gamer  Eletrônicos           7   1500  2023-01-16  10500
7     Mouse Sem Fio  Eletrônicos          10     30  2023-01-16    300
8  Teclado Mecânico  Eletrônicos           3    100  2023-01-16    300, ['csv']) e kwargs {} utils_log.py
2024-10-01T00:23:37.430750-0300 INFO Função 'carregar_dados' executada em 0.0050 segundos timer_decorator.py
2024-10-01T00:23:37.430750-0300 INFO Função 'carregar_dados' retornou None utils_log.py
2024-10-01T00:23:37.431751-0300 INFO Função 'pipeline_calcular_kpi_de_vendas_consolidado' executada em 0.0527 segundos timer_decorator.py
2024-10-01T00:23:37.431751-0300 INFO Função 'pipeline_calcular_kpi_de_vendas_consolidado' retornou None utils_log.py
